[debug] [2021-12-15T05:09:53.316Z] ----------------------------------------------------------------------
[debug] [2021-12-15T05:09:53.317Z] Command:       C:\Program Files\nodejs\node.exe C:\Users\Sun\AppData\Roaming\npm\node_modules\firebase-tools\lib\bin\firebase.js init
[debug] [2021-12-15T05:09:53.318Z] CLI Version:   9.23.1
[debug] [2021-12-15T05:09:53.318Z] Platform:      win32
[debug] [2021-12-15T05:09:53.318Z] Node Version:  v16.13.0
[debug] [2021-12-15T05:09:53.319Z] Time:          Wed Dec 15 2021 12:09:53 GMT+0700 (Indochina Time)
[debug] [2021-12-15T05:09:53.319Z] ----------------------------------------------------------------------
[debug] 
[debug] [2021-12-15T05:09:53.389Z] > command requires scopes: ["email","openid","https://www.googleapis.com/auth/cloudplatformprojects.readonly","https://www.googleapis.com/auth/firebase","https://www.googleapis.com/auth/cloud-platform"]
[debug] [2021-12-15T05:09:53.389Z] > authorizing via signed-in user (sunratchasak@gmail.com)
[info] 
     ######## #### ########  ######## ########     ###     ######  ########
     ##        ##  ##     ## ##       ##     ##  ##   ##  ##       ##
     ######    ##  ########  ######   ########  #########  ######  ######
     ##        ##  ##    ##  ##       ##     ## ##     ##       ## ##
     ##       #### ##     ## ######## ########  ##     ##  ######  ########

You're about to initialize a Firebase project in this directory:

  C:\Users\Sun\Desktop\hackathon\hackathon

Before we get started, keep in mind:

  * You are initializing within an existing Firebase project directory

[info] 
=== Project Setup
[info] 
[info] First, let's associate this project directory with a Firebase project.
[info] You can create multiple project aliases by running firebase use --add, 
[info] but for now we'll just set up a default project.
[info] 
[debug] [2021-12-15T05:10:21.746Z] Using project from CLI flag: hackathon-sun
[debug] [2021-12-15T05:10:21.749Z] > refreshing access token with scopes: []
[debug] [2021-12-15T05:10:21.749Z] >>> HTTP REQUEST POST https://www.googleapis.com/oauth2/v3/token  
 <request body omitted>
[debug] [2021-12-15T05:10:21.975Z] <<< HTTP RESPONSE 200 {"pragma":"no-cache","date":"Wed, 15 Dec 2021 05:10:21 GMT","cache-control":"no-cache, no-store, max-age=0, must-revalidate","expires":"Mon, 01 Jan 1990 00:00:00 GMT","content-type":"application/json; charset=utf-8","vary":"X-Origin, Referer, Origin,Accept-Encoding","server":"scaffolding on HTTPServer2","x-xss-protection":"0","x-frame-options":"SAMEORIGIN","x-content-type-options":"nosniff","alt-svc":"h3=\":443\"; ma=2592000,h3-29=\":443\"; ma=2592000,h3-Q050=\":443\"; ma=2592000,h3-Q046=\":443\"; ma=2592000,h3-Q043=\":443\"; ma=2592000,quic=\":443\"; ma=2592000; v=\"46,43\"","accept-ranges":"none","transfer-encoding":"chunked"}
[debug] [2021-12-15T05:10:21.994Z] >>> [apiv2][query] GET https://firebase.googleapis.com/v1beta1/projects/hackathon-sun [none]
[debug] [2021-12-15T05:10:22.413Z] <<< [apiv2][status] GET https://firebase.googleapis.com/v1beta1/projects/hackathon-sun 200
[debug] [2021-12-15T05:10:22.413Z] <<< [apiv2][body] GET https://firebase.googleapis.com/v1beta1/projects/hackathon-sun {"projectId":"hackathon-sun","projectNumber":"227202759784","displayName":"hackathon-sun","name":"projects/hackathon-sun","resources":{"hostingSite":"hackathon-sun","realtimeDatabaseInstance":"hackathon-sun-default-rtdb"},"state":"ACTIVE"}
[info] i  Using project hackathon-sun (hackathon-sun) 
[info] 
=== Hosting Setup
[info] 
[info] Your public directory is the folder (relative to your project directory) that
[info] will contain Hosting assets to be uploaded with firebase deploy. If you
[info] have a build process for your assets, use your build's output directory.
[info] 
[debug] [2021-12-15T05:10:39.478Z] >>> [apiv2][query] GET https://www.gstatic.com/firebasejs/releases.json [none]
[debug] [2021-12-15T05:10:39.624Z] <<< [apiv2][status] GET https://www.gstatic.com/firebasejs/releases.json 200
[debug] [2021-12-15T05:10:39.624Z] <<< [apiv2][body] GET https://www.gstatic.com/firebasejs/releases.json {"current":{"version":"9.6.1","browserURL":"https://www.gstatic.com/firebasejs/9.6.1/firebase.js","packageURL":"https://www.gstatic.com/firebasejs/9.6.1/firebase.tgz"},"live":{"version":"9.6","browserURL":"https://www.gstatic.com/firebasejs/live/9.6/firebase.js","packageURL":"https://www.gstatic.com/firebasejs/live/9.6/firebase.tgz"},"components":{"analytics":"https://www.gstatic.com/firebasejs/9.6.1/firebase-analytics.js","app":"https://www.gstatic.com/firebasejs/9.6.1/firebase-app.js","app-check":"https://www.gstatic.com/firebasejs/9.6.1/firebase-app-check.js","auth":"https://www.gstatic.com/firebasejs/9.6.1/firebase-auth.js","auth/cordova":"https://www.gstatic.com/firebasejs/9.6.1/firebase-auth/cordova.js","auth/react-native":"https://www.gstatic.com/firebasejs/9.6.1/firebase-auth/react-native.js","functions":"https://www.gstatic.com/firebasejs/9.6.1/firebase-functions.js","firestore":"https://www.gstatic.com/firebasejs/9.6.1/firebase-firestore.js","firestore/lite":"https://www.gstatic.com/firebasejs/9.6.1/firebase-firestore/lite.js","storage":"https://www.gstatic.com/firebasejs/9.6.1/firebase-storage.js","performance":"https://www.gstatic.com/firebasejs/9.6.1/firebase-performance.js","remote-config":"https://www.gstatic.com/firebasejs/9.6.1/firebase-remote-config.js","messaging":"https://www.gstatic.com/firebasejs/9.6.1/firebase-messaging.js","messaging/sw":"https://www.gstatic.com/firebasejs/9.6.1/firebase-messaging/sw.js","database":"https://www.gstatic.com/firebasejs/9.6.1/firebase-database.js","firestore.memory":"https://www.gstatic.com/firebasejs/9.6.1/firebase-firestore.memory.js"}}
[info] +  Wrote y/index.html 
[info] 
[info] i  Detected a .git folder at C:\Users\Sun\Desktop\hackathon\hackathon 
[info] i  Authorizing with GitHub to upload your service account to a GitHub repository's secrets store. 
[info] 
[info] Visit this URL on this device to log in:
[info] https://github.com/login/oauth/authorize?client_id=89cf50f02ac6aaed3484&state=235470255&redirect_uri=http%3A%2F%2Flocalhost%3A9005&scope=read%3Auser%20repo%20public_repo
[info] 
[info] Waiting for authentication...
[debug] [2021-12-15T05:10:43.481Z] >>> HTTP REQUEST POST https://github.com/login/oauth/access_token  
 {"client_id":"89cf50f02ac6aaed3484","client_secret":"3330d14abc895d9a74d5f17cd7a00711fa2c5bf0","code":"de1af9683ded1e2fc9bb","redirect_uri":"http://localhost:9005","state":"235470255"}
[debug] [2021-12-15T05:10:43.990Z] <<< HTTP RESPONSE 200 {"server":"GitHub.com","date":"Wed, 15 Dec 2021 05:10:43 GMT","content-type":"application/json; charset=utf-8","transfer-encoding":"chunked","vary":"X-PJAX, X-PJAX-Container, Accept-Encoding, Accept, X-Requested-With","permissions-policy":"interest-cohort=()","etag":"W/\"7d23cde43fd1b3df52bd5234cf690420\"","cache-control":"max-age=0, private, must-revalidate","strict-transport-security":"max-age=31536000; includeSubdomains; preload","x-frame-options":"deny","x-content-type-options":"nosniff","x-xss-protection":"0","referrer-policy":"origin-when-cross-origin, strict-origin-when-cross-origin","expect-ct":"max-age=2592000, report-uri=\"https://api.github.com/_private/browser/errors\"","content-security-policy":"default-src 'none'; base-uri 'self'; block-all-mixed-content; child-src github.com/assets-cdn/worker/ gist.github.com/assets-cdn/worker/; connect-src 'self' uploads.github.com objects-origin.githubusercontent.com www.githubstatus.com collector.githubapp.com api.github.com github-cloud.s3.amazonaws.com github-production-repository-file-5c1aeb.s3.amazonaws.com github-production-upload-manifest-file-7fdce7.s3.amazonaws.com github-production-user-asset-6210df.s3.amazonaws.com cdn.optimizely.com logx.optimizely.com/v1/events translator.github.com wss://alive.github.com; font-src github.githubassets.com; form-action 'self' github.com gist.github.com objects-origin.githubusercontent.com; frame-ancestors 'none'; frame-src render.githubusercontent.com viewscreen.githubusercontent.com notebooks.githubusercontent.com; img-src 'self' data: github.githubassets.com identicons.github.com collector.githubapp.com github-cloud.s3.amazonaws.com secured-user-images.githubusercontent.com/ *.githubusercontent.com; manifest-src 'self'; media-src github.com user-images.githubusercontent.com/; script-src github.githubassets.com; style-src 'unsafe-inline' github.githubassets.com; worker-src github.com/assets-cdn/worker/ gist.github.com/assets-cdn/worker/","x-github-request-id":"E771:5A49:30D1BF:360E5E:61B978D2"}
[debug] [2021-12-15T05:10:44.003Z] >>> [apiv2][query] GET https://api.github.com/user [none]
[debug] [2021-12-15T05:10:44.503Z] <<< [apiv2][status] GET https://api.github.com/user 200
[debug] [2021-12-15T05:10:44.503Z] <<< [apiv2][body] GET https://api.github.com/user {"login":"RatchaSun","id":79717405,"node_id":"MDQ6VXNlcjc5NzE3NDA1","avatar_url":"https://avatars.githubusercontent.com/u/79717405?v=4","gravatar_id":"","url":"https://api.github.com/users/RatchaSun","html_url":"https://github.com/RatchaSun","followers_url":"https://api.github.com/users/RatchaSun/followers","following_url":"https://api.github.com/users/RatchaSun/following{/other_user}","gists_url":"https://api.github.com/users/RatchaSun/gists{/gist_id}","starred_url":"https://api.github.com/users/RatchaSun/starred{/owner}{/repo}","subscriptions_url":"https://api.github.com/users/RatchaSun/subscriptions","organizations_url":"https://api.github.com/users/RatchaSun/orgs","repos_url":"https://api.github.com/users/RatchaSun/repos","events_url":"https://api.github.com/users/RatchaSun/events{/privacy}","received_events_url":"https://api.github.com/users/RatchaSun/received_events","type":"User","site_admin":false,"name":"Ratchasak Puttidechpaiboon","company":null,"blog":"","location":"Bangkok, Thailand","email":null,"hireable":null,"bio":null,"twitter_username":"RatchaSun","public_repos":6,"public_gists":0,"followers":2,"following":8,"created_at":"2021-02-26T17:58:28Z","updated_at":"2021-11-30T12:38:04Z","private_gists":1,"total_private_repos":0,"owned_private_repos":0,"disk_usage":13,"collaborators":0,"two_factor_authentication":false,"plan":{"name":"free","space":976562499,"collaborators":0,"private_repos":10000}}
[info] 
[info] +  Success! Logged into GitHub as RatchaSun 
[info] 
[debug] [2021-12-15T05:11:16.749Z] >>> [apiv2][query] GET https://api.github.com/repos/r/actions/secrets/public-key type=owner
[debug] [2021-12-15T05:11:17.171Z] <<< [apiv2][status] GET https://api.github.com/repos/r/actions/secrets/public-key 404
[debug] [2021-12-15T05:11:17.171Z] <<< [apiv2][body] GET https://api.github.com/repos/r/actions/secrets/public-key {"message":"Not Found","documentation_url":"https://docs.github.com/rest"}
[debug] [2021-12-15T05:11:19.093Z] >>> [apiv2][query] GET https://api.github.com/repos/n/actions/secrets/public-key type=owner
[debug] [2021-12-15T05:11:19.522Z] <<< [apiv2][status] GET https://api.github.com/repos/n/actions/secrets/public-key 404
[debug] [2021-12-15T05:11:19.523Z] <<< [apiv2][body] GET https://api.github.com/repos/n/actions/secrets/public-key {"message":"Not Found","documentation_url":"https://docs.github.com/rest"}
[debug] [2021-12-15T05:11:21.221Z] >>> [apiv2][query] GET https://api.github.com/repos/y/actions/secrets/public-key type=owner
[debug] [2021-12-15T05:11:21.673Z] <<< [apiv2][status] GET https://api.github.com/repos/y/actions/secrets/public-key 404
[debug] [2021-12-15T05:11:21.673Z] <<< [apiv2][body] GET https://api.github.com/repos/y/actions/secrets/public-key {"message":"Not Found","documentation_url":"https://docs.github.com/rest"}
[debug] [2021-12-15T05:11:30.612Z] >>> [apiv2][query] GET https://api.github.com/repos/yes/actions/secrets/public-key type=owner
[debug] [2021-12-15T05:11:31.027Z] <<< [apiv2][status] GET https://api.github.com/repos/yes/actions/secrets/public-key 404
[debug] [2021-12-15T05:11:31.027Z] <<< [apiv2][body] GET https://api.github.com/repos/yes/actions/secrets/public-key {"message":"Not Found","documentation_url":"https://docs.github.com/rest"}
[debug] [2021-12-15T05:11:31.117Z] >>> [apiv2][query] GET https://api.github.com/repos//actions/secrets/public-key type=owner
[debug] [2021-12-15T05:11:31.533Z] <<< [apiv2][status] GET https://api.github.com/repos//actions/secrets/public-key 404
[debug] [2021-12-15T05:11:31.533Z] <<< [apiv2][body] GET https://api.github.com/repos//actions/secrets/public-key {"message":"Not Found","documentation_url":"https://docs.github.com/rest"}
[debug] [2021-12-15T05:12:44.316Z] >>> [apiv2][query] GET https://api.github.com/repos/RatchaSun/hackathon/actions/secrets/public-key type=owner
[debug] [2021-12-15T05:12:44.749Z] <<< [apiv2][status] GET https://api.github.com/repos/RatchaSun/hackathon/actions/secrets/public-key 404
[debug] [2021-12-15T05:12:44.749Z] <<< [apiv2][body] GET https://api.github.com/repos/RatchaSun/hackathon/actions/secrets/public-key {"message":"Not Found","documentation_url":"https://docs.github.com/rest/reference/actions#get-a-repository-public-key"}
[debug] [2021-12-15T05:13:00.476Z] >>> [apiv2][query] GET https://api.github.com/repos/RatchaSun/hackathon/actions/secrets/public-key type=owner
[debug] [2021-12-15T05:13:00.903Z] <<< [apiv2][status] GET https://api.github.com/repos/RatchaSun/hackathon/actions/secrets/public-key 404
[debug] [2021-12-15T05:13:00.903Z] <<< [apiv2][body] GET https://api.github.com/repos/RatchaSun/hackathon/actions/secrets/public-key {"message":"Not Found","documentation_url":"https://docs.github.com/rest/reference/actions#get-a-repository-public-key"}
[debug] [2021-12-15T05:13:08.292Z] >>> [apiv2][query] GET https://api.github.com/repos/ratchasun/hackathon/actions/secrets/public-key type=owner
[debug] [2021-12-15T05:13:08.720Z] <<< [apiv2][status] GET https://api.github.com/repos/ratchasun/hackathon/actions/secrets/public-key 404
[debug] [2021-12-15T05:13:08.720Z] <<< [apiv2][body] GET https://api.github.com/repos/ratchasun/hackathon/actions/secrets/public-key {"message":"Not Found","documentation_url":"https://docs.github.com/rest/reference/actions#get-a-repository-public-key"}
